17.06.2021 18:03:26	Normal	Protokolleinträge werden unter "C:\Users\zenox\Documents\GitHub\Buchausstellung\Ausstellung\WIFI.Gateway\app_data\WIFI.Gateway.log" hinterlegt.
17.06.2021 18:09:17	Normal	Protokolleinträge werden unter "C:\Users\zenox\Documents\GitHub\Buchausstellung\Ausstellung\WIFI.Gateway\app_data\WIFI.Gateway.log" hinterlegt.
17.06.2021 18:09:23	NeueInstanz	WIFI.Gateway.Controller.VeranstaltungsSqlClientController wurde produziert
17.06.2021 18:09:23	Normal	WIFI.Gateway.Controller.VeranstaltungsSqlClientController behandelt FehlerAufgetreten...
17.06.2021 18:09:23	Normal	WIFI.Gateway.Controller.VeranstaltungsSqlClientController hat den ConnectionString für die Datenbank berechnet und gecached.
17.06.2021 18:09:25	Normal	Im WIFI.Gateway.Controller.VeranstaltungsSqlClientController in der Funktion Void ErstelleVeranstaltung() ist ein Fehler aufgetreten  System.Data.SqlClient.SqlException = An attempt to attach an auto-named database for file C:\Users\zenox\Documents\GitHub\Buchausstellung\Ausstellung\WIFI.Gateway\app_data\WIFIAUSSTELLUNG2021.mdf failed. A database with the same name exists, or specified file cannot be opened, or it is located on UNC share.      bei System.Data.SqlClient.SqlInternalConnectionTds..ctor(DbConnectionPoolIdentity identity, SqlConnectionString connectionOptions, SqlCredential credential, Object providerInfo, String newPassword, SecureString newSecurePassword, Boolean redirectedUserInstance, SqlConnectionString userConnectionOptions, SessionData reconnectSessionData, DbConnectionPool pool, String accessToken, Boolean applyTransientFaultHandling, SqlAuthenticationProviderManager sqlAuthProviderManager)     bei System.Data.SqlClient.SqlConnectionFactory.CreateConnection(DbConnectionOptions options, DbConnectionPoolKey poolKey, Object poolGroupProviderInfo, DbConnectionPool pool, DbConnection owningConnection, DbConnectionOptions userOptions)     bei System.Data.ProviderBase.DbConnectionFactory.CreatePooledConnection(DbConnectionPool pool, DbConnection owningObject, DbConnectionOptions options, DbConnectionPoolKey poolKey, DbConnectionOptions userOptions)     bei System.Data.ProviderBase.DbConnectionPool.CreateObject(DbConnection owningObject, DbConnectionOptions userOptions, DbConnectionInternal oldConnection)     bei System.Data.ProviderBase.DbConnectionPool.UserCreateRequest(DbConnection owningObject, DbConnectionOptions userOptions, DbConnectionInternal oldConnection)     bei System.Data.ProviderBase.DbConnectionPool.TryGetConnection(DbConnection owningObject, UInt32 waitForMultipleObjectsTimeout, Boolean allowCreate, Boolean onlyOneCheckConnection, DbConnectionOptions userOptions, DbConnectionInternal& connection)     bei System.Data.ProviderBase.DbConnectionPool.TryGetConnection(DbConnection owningObject, TaskCompletionSource`1 retry, DbConnectionOptions userOptions, DbConnectionInternal& connection)     bei System.Data.ProviderBase.DbConnectionFactory.TryGetConnection(DbConnection owningConnection, TaskCompletionSource`1 retry, DbConnectionOptions userOptions, DbConnectionInternal oldConnection, DbConnectionInternal& connection)     bei System.Data.ProviderBase.DbConnectionInternal.TryOpenConnectionInternal(DbConnection outerConnection, DbConnectionFactory connectionFactory, TaskCompletionSource`1 retry, DbConnectionOptions userOptions)     bei System.Data.ProviderBase.DbConnectionClosed.TryOpenConnection(DbConnection outerConnection, DbConnectionFactory connectionFactory, TaskCompletionSource`1 retry, DbConnectionOptions userOptions)     bei System.Data.SqlClient.SqlConnection.TryOpenInner(TaskCompletionSource`1 retry)     bei System.Data.SqlClient.SqlConnection.TryOpen(TaskCompletionSource`1 retry)     bei System.Data.SqlClient.SqlConnection.Open()     bei WIFI.Gateway.Controller.VeranstaltungsSqlClientController.ErstelleVeranstaltung() in C:\Users\zenox\Documents\GitHub\Buchausstellung\Ausstellung\WIFI.Gateway.Controller\VeranstaltungsSqlClientController.cs:Zeile 34.
17.06.2021 18:10:08	Normal	Protokolleinträge werden unter "C:\Users\zenox\Documents\GitHub\Buchausstellung\Ausstellung\WIFI.Gateway\app_data\WIFI.Gateway.log" hinterlegt.
17.06.2021 18:10:11	NeueInstanz	WIFI.Gateway.Controller.VeranstaltungsSqlClientController wurde produziert
17.06.2021 18:10:11	Normal	WIFI.Gateway.Controller.VeranstaltungsSqlClientController behandelt FehlerAufgetreten...
17.06.2021 18:10:11	Normal	WIFI.Gateway.Controller.VeranstaltungsSqlClientController hat den ConnectionString für die Datenbank berechnet und gecached.
17.06.2021 18:10:11	Normal	Im WIFI.Gateway.Controller.VeranstaltungsSqlClientController in der Funktion Void ErstelleVeranstaltung() ist ein Fehler aufgetreten  System.Data.SqlClient.SqlException = Cannot insert the value NULL into column 'datumvon', table 'C:\USERS\ZENOX\DOCUMENTS\GITHUB\BUCHAUSSTELLUNG\AUSSTELLUNG\WIFI.GATEWAY\APP_DATA\WIFIAUSSTELLUNG2021.MDF.dbo.veranstaltung'; column does not allow nulls. INSERT fails.  The statement has been terminated.      bei System.Data.SqlClient.SqlConnection.OnError(SqlException exception, Boolean breakConnection, Action`1 wrapCloseInAction)     bei System.Data.SqlClient.SqlInternalConnection.OnError(SqlException exception, Boolean breakConnection, Action`1 wrapCloseInAction)     bei System.Data.SqlClient.TdsParser.ThrowExceptionAndWarning(TdsParserStateObject stateObj, Boolean callerHasConnectionLock, Boolean asyncClose)     bei System.Data.SqlClient.TdsParser.TryRun(RunBehavior runBehavior, SqlCommand cmdHandler, SqlDataReader dataStream, BulkCopySimpleResultSet bulkCopyHandler, TdsParserStateObject stateObj, Boolean& dataReady)     bei System.Data.SqlClient.SqlDataReader.TryConsumeMetaData()     bei System.Data.SqlClient.SqlDataReader.get_MetaData()     bei System.Data.SqlClient.SqlCommand.FinishExecuteReader(SqlDataReader ds, RunBehavior runBehavior, String resetOptionsString, Boolean isInternal, Boolean forDescribeParameterEncryption, Boolean shouldCacheForAlwaysEncrypted)     bei System.Data.SqlClient.SqlCommand.RunExecuteReaderTds(CommandBehavior cmdBehavior, RunBehavior runBehavior, Boolean returnStream, Boolean async, Int32 timeout, Task& task, Boolean asyncWrite, Boolean inRetry, SqlDataReader ds, Boolean describeParameterEncryptionRequest)     bei System.Data.SqlClient.SqlCommand.RunExecuteReader(CommandBehavior cmdBehavior, RunBehavior runBehavior, Boolean returnStream, String method, TaskCompletionSource`1 completion, Int32 timeout, Task& task, Boolean& usedCache, Boolean asyncWrite, Boolean inRetry)     bei System.Data.SqlClient.SqlCommand.RunExecuteReader(CommandBehavior cmdBehavior, RunBehavior runBehavior, Boolean returnStream, String method)     bei System.Data.SqlClient.SqlCommand.ExecuteScalar()     bei WIFI.Gateway.Controller.VeranstaltungsSqlClientController.ErstelleVeranstaltung() in C:\Users\zenox\Documents\GitHub\Buchausstellung\Ausstellung\WIFI.Gateway.Controller\VeranstaltungsSqlClientController.cs:Zeile 36.
17.06.2021 18:10:46	Normal	Protokolleinträge werden unter "C:\Users\zenox\Documents\GitHub\Buchausstellung\Ausstellung\WIFI.Gateway\app_data\WIFI.Gateway.log" hinterlegt.
17.06.2021 18:10:51	NeueInstanz	WIFI.Gateway.Controller.VeranstaltungsSqlClientController wurde produziert
17.06.2021 18:10:51	Normal	WIFI.Gateway.Controller.VeranstaltungsSqlClientController behandelt FehlerAufgetreten...
17.06.2021 18:11:01	Normal	WIFI.Gateway.Controller.VeranstaltungsSqlClientController hat den ConnectionString für die Datenbank berechnet und gecached.
17.06.2021 18:12:07	Normal	Protokolleinträge werden unter "C:\Users\zenox\Documents\GitHub\Buchausstellung\Ausstellung\WIFI.Gateway\app_data\WIFI.Gateway.log" hinterlegt.
17.06.2021 18:12:12	NeueInstanz	WIFI.Gateway.Controller.VeranstaltungsSqlClientController wurde produziert
17.06.2021 18:12:12	Normal	WIFI.Gateway.Controller.VeranstaltungsSqlClientController behandelt FehlerAufgetreten...
17.06.2021 18:12:17	NeueInstanz	WIFI.Gateway.Controller.VeranstaltungsSqlClientController wurde produziert
17.06.2021 18:12:19	Normal	WIFI.Gateway.Controller.VeranstaltungsSqlClientController behandelt FehlerAufgetreten...
17.06.2021 18:12:23	Normal	Im WIFI.Gateway.Controller.VeranstaltungsSqlClientController in der Funktion Void ErstelleVeranstaltung() ist ein Fehler aufgetreten  System.Data.SqlClient.SqlException = Cannot insert the value NULL into column 'datumvon', table 'C:\USERS\ZENOX\DOCUMENTS\GITHUB\BUCHAUSSTELLUNG\AUSSTELLUNG\WIFI.GATEWAY\APP_DATA\WIFIAUSSTELLUNG2021.MDF.dbo.veranstaltung'; column does not allow nulls. INSERT fails.  The statement has been terminated.      bei System.Data.SqlClient.SqlConnection.OnError(SqlException exception, Boolean breakConnection, Action`1 wrapCloseInAction)     bei System.Data.SqlClient.SqlInternalConnection.OnError(SqlException exception, Boolean breakConnection, Action`1 wrapCloseInAction)     bei System.Data.SqlClient.TdsParser.ThrowExceptionAndWarning(TdsParserStateObject stateObj, Boolean callerHasConnectionLock, Boolean asyncClose)     bei System.Data.SqlClient.TdsParser.TryRun(RunBehavior runBehavior, SqlCommand cmdHandler, SqlDataReader dataStream, BulkCopySimpleResultSet bulkCopyHandler, TdsParserStateObject stateObj, Boolean& dataReady)     bei System.Data.SqlClient.SqlDataReader.TryConsumeMetaData()     bei System.Data.SqlClient.SqlDataReader.get_MetaData()     bei System.Data.SqlClient.SqlCommand.FinishExecuteReader(SqlDataReader ds, RunBehavior runBehavior, String resetOptionsString, Boolean isInternal, Boolean forDescribeParameterEncryption, Boolean shouldCacheForAlwaysEncrypted)     bei System.Data.SqlClient.SqlCommand.RunExecuteReaderTds(CommandBehavior cmdBehavior, RunBehavior runBehavior, Boolean returnStream, Boolean async, Int32 timeout, Task& task, Boolean asyncWrite, Boolean inRetry, SqlDataReader ds, Boolean describeParameterEncryptionRequest)     bei System.Data.SqlClient.SqlCommand.RunExecuteReader(CommandBehavior cmdBehavior, RunBehavior runBehavior, Boolean returnStream, String method, TaskCompletionSource`1 completion, Int32 timeout, Task& task, Boolean& usedCache, Boolean asyncWrite, Boolean inRetry)     bei System.Data.SqlClient.SqlCommand.RunExecuteReader(CommandBehavior cmdBehavior, RunBehavior runBehavior, Boolean returnStream, String method)     bei System.Data.SqlClient.SqlCommand.ExecuteScalar()     bei WIFI.Gateway.Controller.VeranstaltungsSqlClientController.ErstelleVeranstaltung() in C:\Users\zenox\Documents\GitHub\Buchausstellung\Ausstellung\WIFI.Gateway.Controller\VeranstaltungsSqlClientController.cs:Zeile 36.
17.06.2021 18:13:13	Normal	Protokolleinträge werden unter "C:\Users\zenox\Documents\GitHub\Buchausstellung\Ausstellung\WIFI.Gateway\app_data\WIFI.Gateway.log" hinterlegt.
17.06.2021 18:13:26	Normal	Protokolleinträge werden unter "C:\Users\zenox\Documents\GitHub\Buchausstellung\Ausstellung\WIFI.Gateway\app_data\WIFI.Gateway.log" hinterlegt.
17.06.2021 18:13:26	NeueInstanz	WIFI.Gateway.Controller.VeranstaltungsSqlClientController wurde produziert
17.06.2021 18:13:26	Normal	WIFI.Gateway.Controller.VeranstaltungsSqlClientController behandelt FehlerAufgetreten...
17.06.2021 18:13:33	NeueInstanz	WIFI.Gateway.Controller.VeranstaltungsSqlClientController wurde produziert
17.06.2021 18:13:33	Normal	WIFI.Gateway.Controller.VeranstaltungsSqlClientController behandelt FehlerAufgetreten...
17.06.2021 18:13:39	Normal	WIFI.Gateway.Controller.VeranstaltungsSqlClientController hat den ConnectionString für die Datenbank berechnet und gecached.
17.06.2021 18:15:32	Normal	Protokolleinträge werden unter "C:\Users\zenox\Documents\GitHub\Buchausstellung\Ausstellung\WIFI.Gateway\app_data\WIFI.Gateway.log" hinterlegt.
17.06.2021 18:15:59	NeueInstanz	WIFI.Gateway.Controller.VeranstaltungsSqlClientController wurde produziert
17.06.2021 18:15:59	Normal	WIFI.Gateway.Controller.VeranstaltungsSqlClientController behandelt FehlerAufgetreten...
17.06.2021 18:16:01	Normal	WIFI.Gateway.Controller.VeranstaltungsSqlClientController hat den ConnectionString für die Datenbank berechnet und gecached.
17.06.2021 18:16:01	NeueInstanz	WIFI.Gateway.Controller.VeranstaltungsSqlClientController hat den anwendungsweiten HttpClient initialisiert...
17.06.2021 18:16:01	NeueInstanz	WIFI.Anwendung.SprachenManager wurde produziert
17.06.2021 18:16:01	Normal	WIFI.Anwendung.SprachenManager behandelt FehlerAufgetreten...
17.06.2021 18:16:24	Normal	Protokolleinträge werden unter "C:\Users\zenox\Documents\GitHub\Buchausstellung\Ausstellung\WIFI.Gateway\app_data\WIFI.Gateway.log" hinterlegt.
17.06.2021 18:16:52	Normal	Protokolleinträge werden unter "C:\Users\zenox\Documents\GitHub\Buchausstellung\Ausstellung\WIFI.Gateway\app_data\WIFI.Gateway.log" hinterlegt.
17.06.2021 18:16:58	NeueInstanz	WIFI.Gateway.Controller.VeranstaltungsSqlClientController wurde produziert
17.06.2021 18:16:58	Normal	WIFI.Gateway.Controller.VeranstaltungsSqlClientController behandelt FehlerAufgetreten...
17.06.2021 18:17:05	Normal	WIFI.Gateway.Controller.VeranstaltungsSqlClientController hat den ConnectionString für die Datenbank berechnet und gecached.
17.06.2021 18:18:22	Normal	Protokolleinträge werden unter "C:\Users\zenox\Documents\GitHub\Buchausstellung\Ausstellung\WIFI.Gateway\app_data\WIFI.Gateway.log" hinterlegt.
17.06.2021 18:18:27	NeueInstanz	WIFI.Gateway.Controller.VeranstaltungsSqlClientController wurde produziert
17.06.2021 18:18:27	Normal	WIFI.Gateway.Controller.VeranstaltungsSqlClientController behandelt FehlerAufgetreten...
17.06.2021 18:18:29	Normal	WIFI.Gateway.Controller.VeranstaltungsSqlClientController hat den ConnectionString für die Datenbank berechnet und gecached.
17.06.2021 18:18:47	Normal	Protokolleinträge werden unter "C:\Users\zenox\Documents\GitHub\Buchausstellung\Ausstellung\WIFI.Gateway\app_data\WIFI.Gateway.log" hinterlegt.
17.06.2021 18:20:01	Normal	Protokolleinträge werden unter "C:\Users\zenox\Documents\GitHub\Buchausstellung\Ausstellung\WIFI.Gateway\app_data\WIFI.Gateway.log" hinterlegt.
17.06.2021 18:20:07	NeueInstanz	WIFI.Gateway.Controller.VeranstaltungsSqlClientController wurde produziert
17.06.2021 18:20:07	Normal	WIFI.Gateway.Controller.VeranstaltungsSqlClientController behandelt FehlerAufgetreten...
17.06.2021 18:20:07	Normal	WIFI.Gateway.Controller.VeranstaltungsSqlClientController hat den ConnectionString für die Datenbank berechnet und gecached.
17.06.2021 18:30:34	Normal	Protokolleinträge werden unter "C:\Users\zenox\Documents\GitHub\Buchausstellung\Ausstellung\WIFI.Gateway\app_data\WIFI.Gateway.log" hinterlegt.
17.06.2021 18:30:40	NeueInstanz	WIFI.Gateway.Controller.VeranstaltungsSqlClientController wurde produziert
17.06.2021 18:30:40	Normal	WIFI.Gateway.Controller.VeranstaltungsSqlClientController behandelt FehlerAufgetreten...
17.06.2021 18:30:40	Normal	WIFI.Gateway.Controller.VeranstaltungsSqlClientController hat den ConnectionString für die Datenbank berechnet und gecached.
17.06.2021 18:33:06	Normal	Protokolleinträge werden unter "C:\Users\zenox\Documents\GitHub\Buchausstellung\Ausstellung\WIFI.Gateway\app_data\WIFI.Gateway.log" hinterlegt.
17.06.2021 18:33:11	NeueInstanz	WIFI.Gateway.Controller.VeranstaltungsSqlClientController wurde produziert
17.06.2021 18:33:11	Normal	WIFI.Gateway.Controller.VeranstaltungsSqlClientController behandelt FehlerAufgetreten...
17.06.2021 18:33:11	Normal	WIFI.Gateway.Controller.VeranstaltungsSqlClientController hat den ConnectionString für die Datenbank berechnet und gecached.
17.06.2021 18:33:19	NeueInstanz	WIFI.Gateway.Controller.VeranstaltungsSqlClientController wurde produziert
17.06.2021 18:33:19	Normal	WIFI.Gateway.Controller.VeranstaltungsSqlClientController behandelt FehlerAufgetreten...
17.06.2021 18:33:29	NeueInstanz	WIFI.Gateway.Controller.VeranstaltungsSqlClientController wurde produziert
17.06.2021 18:33:29	Normal	WIFI.Gateway.Controller.VeranstaltungsSqlClientController behandelt FehlerAufgetreten...
17.06.2021 18:33:29	NeueInstanz	WIFI.Gateway.Controller.VeranstaltungsSqlClientController wurde produziert
17.06.2021 18:33:29	Normal	WIFI.Gateway.Controller.VeranstaltungsSqlClientController behandelt FehlerAufgetreten...
17.06.2021 18:33:30	NeueInstanz	WIFI.Gateway.Controller.VeranstaltungsSqlClientController wurde produziert
17.06.2021 18:33:30	Normal	WIFI.Gateway.Controller.VeranstaltungsSqlClientController behandelt FehlerAufgetreten...
17.06.2021 18:48:16	Normal	Protokolleinträge werden unter "C:\Users\zenox\Documents\GitHub\Buchausstellung\Ausstellung\WIFI.Gateway\app_data\WIFI.Gateway.log" hinterlegt.
17.06.2021 18:48:17	NeueInstanz	WIFI.Gateway.Controller.VeranstaltungsSqlClientController wurde produziert
17.06.2021 18:48:17	Normal	WIFI.Gateway.Controller.VeranstaltungsSqlClientController behandelt FehlerAufgetreten...
17.06.2021 18:48:17	Normal	WIFI.Gateway.Controller.VeranstaltungsSqlClientController hat den ConnectionString für die Datenbank berechnet und gecached.
17.06.2021 18:48:23	NeueInstanz	WIFI.Gateway.Controller.VeranstaltungsSqlClientController wurde produziert
17.06.2021 18:48:23	Normal	WIFI.Gateway.Controller.VeranstaltungsSqlClientController behandelt FehlerAufgetreten...
17.06.2021 18:48:30	NeueInstanz	WIFI.Gateway.Controller.VeranstaltungsSqlClientController wurde produziert
17.06.2021 18:48:30	Normal	WIFI.Gateway.Controller.VeranstaltungsSqlClientController behandelt FehlerAufgetreten...
17.06.2021 18:48:44	Normal	Protokolleinträge werden unter "C:\Users\zenox\Documents\GitHub\Buchausstellung\Ausstellung\WIFI.Gateway\app_data\WIFI.Gateway.log" hinterlegt.
17.06.2021 18:49:00	NeueInstanz	WIFI.Gateway.Controller.VeranstaltungsSqlClientController wurde produziert
17.06.2021 18:49:00	Normal	WIFI.Gateway.Controller.VeranstaltungsSqlClientController behandelt FehlerAufgetreten...
17.06.2021 18:49:00	Normal	WIFI.Gateway.Controller.VeranstaltungsSqlClientController hat den ConnectionString für die Datenbank berechnet und gecached.
17.06.2021 18:49:15	Normal	Protokolleinträge werden unter "C:\Users\zenox\Documents\GitHub\Buchausstellung\Ausstellung\WIFI.Gateway\app_data\WIFI.Gateway.log" hinterlegt.
17.06.2021 18:49:19	NeueInstanz	WIFI.Gateway.Controller.VeranstaltungsSqlClientController wurde produziert
17.06.2021 18:49:19	Normal	WIFI.Gateway.Controller.VeranstaltungsSqlClientController behandelt FehlerAufgetreten...
17.06.2021 18:49:19	Normal	WIFI.Gateway.Controller.VeranstaltungsSqlClientController hat den ConnectionString für die Datenbank berechnet und gecached.
17.06.2021 18:49:31	Normal	Protokolleinträge werden unter "C:\Users\zenox\Documents\GitHub\Buchausstellung\Ausstellung\WIFI.Gateway\app_data\WIFI.Gateway.log" hinterlegt.
17.06.2021 18:49:58	NeueInstanz	WIFI.Gateway.Controller.VeranstaltungsSqlClientController wurde produziert
17.06.2021 18:49:58	Normal	WIFI.Gateway.Controller.VeranstaltungsSqlClientController behandelt FehlerAufgetreten...
17.06.2021 18:49:58	Normal	WIFI.Gateway.Controller.VeranstaltungsSqlClientController hat den ConnectionString für die Datenbank berechnet und gecached.
17.06.2021 18:50:26	Normal	Protokolleinträge werden unter "C:\Users\zenox\Documents\GitHub\Buchausstellung\Ausstellung\WIFI.Gateway\app_data\WIFI.Gateway.log" hinterlegt.
17.06.2021 18:50:55	Normal	Protokolleinträge werden unter "C:\Users\zenox\Documents\GitHub\Buchausstellung\Ausstellung\WIFI.Gateway\app_data\WIFI.Gateway.log" hinterlegt.
17.06.2021 18:50:59	NeueInstanz	WIFI.Gateway.Controller.VeranstaltungsSqlClientController wurde produziert
17.06.2021 18:50:59	Normal	WIFI.Gateway.Controller.VeranstaltungsSqlClientController behandelt FehlerAufgetreten...
17.06.2021 18:50:59	Normal	WIFI.Gateway.Controller.VeranstaltungsSqlClientController hat den ConnectionString für die Datenbank berechnet und gecached.
17.06.2021 18:53:55	Normal	Protokolleinträge werden unter "C:\Users\zenox\Documents\GitHub\Buchausstellung\Ausstellung\WIFI.Gateway\app_data\WIFI.Gateway.log" hinterlegt.
17.06.2021 18:54:05	NeueInstanz	WIFI.Gateway.Controller.VeranstaltungsSqlClientController wurde produziert
17.06.2021 18:54:05	Normal	WIFI.Gateway.Controller.VeranstaltungsSqlClientController behandelt FehlerAufgetreten...
17.06.2021 18:54:05	Normal	WIFI.Gateway.Controller.VeranstaltungsSqlClientController hat den ConnectionString für die Datenbank berechnet und gecached.
17.06.2021 18:54:25	Normal	Protokolleinträge werden unter "C:\Users\zenox\Documents\GitHub\Buchausstellung\Ausstellung\WIFI.Gateway\app_data\WIFI.Gateway.log" hinterlegt.
17.06.2021 18:54:30	NeueInstanz	WIFI.Gateway.Controller.VeranstaltungsSqlClientController wurde produziert
17.06.2021 18:54:30	Normal	WIFI.Gateway.Controller.VeranstaltungsSqlClientController behandelt FehlerAufgetreten...
17.06.2021 18:54:30	Normal	WIFI.Gateway.Controller.VeranstaltungsSqlClientController hat den ConnectionString für die Datenbank berechnet und gecached.
17.06.2021 18:57:24	Normal	Protokolleinträge werden unter "C:\Users\zenox\Documents\GitHub\Buchausstellung\Ausstellung\WIFI.Gateway\app_data\WIFI.Gateway.log" hinterlegt.
17.06.2021 19:33:14	Normal	Protokolleinträge werden unter "C:\Users\zenox\Documents\GitHub\Buchausstellung\Ausstellung\WIFI.Gateway\app_data\WIFI.Gateway.log" hinterlegt.
17.06.2021 19:39:20	Normal	Protokolleinträge werden unter "C:\Users\zenox\Documents\GitHub\Buchausstellung\Ausstellung\WIFI.Gateway\app_data\WIFI.Gateway.log" hinterlegt.
17.06.2021 19:39:22	NeueInstanz	WIFI.Gateway.Controller.VeranstaltungSqlClientController wurde produziert
17.06.2021 19:39:22	Normal	WIFI.Gateway.Controller.VeranstaltungSqlClientController behandelt FehlerAufgetreten...
17.06.2021 19:39:22	Normal	WIFI.Gateway.Controller.VeranstaltungSqlClientController hat den ConnectionString für die Datenbank berechnet und gecached.
17.06.2021 19:40:30	Normal	Protokolleinträge werden unter "C:\Users\zenox\Documents\GitHub\Buchausstellung\Ausstellung\WIFI.Gateway\app_data\WIFI.Gateway.log" hinterlegt.
17.06.2021 19:40:31	NeueInstanz	WIFI.Gateway.Controller.VeranstaltungSqlClientController wurde produziert
17.06.2021 19:40:31	Normal	WIFI.Gateway.Controller.VeranstaltungSqlClientController behandelt FehlerAufgetreten...
17.06.2021 19:40:31	Normal	WIFI.Gateway.Controller.VeranstaltungSqlClientController hat den ConnectionString für die Datenbank berechnet und gecached.
17.06.2021 19:41:09	Normal	Protokolleinträge werden unter "C:\Users\zenox\Documents\GitHub\Buchausstellung\Ausstellung\WIFI.Gateway\app_data\WIFI.Gateway.log" hinterlegt.
17.06.2021 19:41:10	NeueInstanz	WIFI.Gateway.Controller.VeranstaltungSqlClientController wurde produziert
17.06.2021 19:41:10	Normal	WIFI.Gateway.Controller.VeranstaltungSqlClientController behandelt FehlerAufgetreten...
17.06.2021 19:41:10	Normal	WIFI.Gateway.Controller.VeranstaltungSqlClientController hat den ConnectionString für die Datenbank berechnet und gecached.
17.06.2021 19:42:18	Normal	Protokolleinträge werden unter "C:\Users\zenox\Documents\GitHub\Buchausstellung\Ausstellung\WIFI.Gateway\app_data\WIFI.Gateway.log" hinterlegt.
17.06.2021 19:42:19	NeueInstanz	WIFI.Gateway.Controller.VeranstaltungSqlClientController wurde produziert
17.06.2021 19:42:19	Normal	WIFI.Gateway.Controller.VeranstaltungSqlClientController behandelt FehlerAufgetreten...
17.06.2021 19:42:19	Normal	WIFI.Gateway.Controller.VeranstaltungSqlClientController hat den ConnectionString für die Datenbank berechnet und gecached.
17.06.2021 19:43:05	Normal	Protokolleinträge werden unter "C:\Users\zenox\Documents\GitHub\Buchausstellung\Ausstellung\WIFI.Gateway\app_data\WIFI.Gateway.log" hinterlegt.
17.06.2021 19:45:01	Normal	Protokolleinträge werden unter "C:\Users\zenox\Documents\GitHub\Buchausstellung\Ausstellung\WIFI.Gateway\app_data\WIFI.Gateway.log" hinterlegt.
17.06.2021 19:45:02	NeueInstanz	WIFI.Gateway.Controller.VeranstaltungSqlClientController wurde produziert
17.06.2021 19:45:02	Normal	WIFI.Gateway.Controller.VeranstaltungSqlClientController behandelt FehlerAufgetreten...
17.06.2021 19:45:02	Normal	WIFI.Gateway.Controller.VeranstaltungSqlClientController hat den ConnectionString für die Datenbank berechnet und gecached.
17.06.2021 19:45:52	Normal	Protokolleinträge werden unter "C:\Users\zenox\Documents\GitHub\Buchausstellung\Ausstellung\WIFI.Gateway\app_data\WIFI.Gateway.log" hinterlegt.
17.06.2021 19:45:53	NeueInstanz	WIFI.Gateway.Controller.VeranstaltungSqlClientController wurde produziert
17.06.2021 19:45:53	Normal	WIFI.Gateway.Controller.VeranstaltungSqlClientController behandelt FehlerAufgetreten...
17.06.2021 19:45:53	Normal	WIFI.Gateway.Controller.VeranstaltungSqlClientController hat den ConnectionString für die Datenbank berechnet und gecached.
17.06.2021 19:48:05	Normal	Protokolleinträge werden unter "C:\Users\zenox\Documents\GitHub\Buchausstellung\Ausstellung\WIFI.Gateway\app_data\WIFI.Gateway.log" hinterlegt.
17.06.2021 19:50:29	Normal	Protokolleinträge werden unter "C:\Users\zenox\Documents\GitHub\Buchausstellung\Ausstellung\WIFI.Gateway\app_data\WIFI.Gateway.log" hinterlegt.
17.06.2021 19:50:29	NeueInstanz	WIFI.Gateway.Controller.VeranstaltungSqlClientController wurde produziert
17.06.2021 19:50:29	Normal	WIFI.Gateway.Controller.VeranstaltungSqlClientController behandelt FehlerAufgetreten...
17.06.2021 19:50:29	Normal	WIFI.Gateway.Controller.VeranstaltungSqlClientController hat den ConnectionString für die Datenbank berechnet und gecached.
17.06.2021 19:55:33	Normal	Protokolleinträge werden unter "C:\Users\zenox\Documents\GitHub\Buchausstellung\Ausstellung\WIFI.Gateway\app_data\WIFI.Gateway.log" hinterlegt.
17.06.2021 19:55:34	NeueInstanz	WIFI.Gateway.Controller.VeranstaltungSqlClientController wurde produziert
17.06.2021 19:55:34	Normal	WIFI.Gateway.Controller.VeranstaltungSqlClientController behandelt FehlerAufgetreten...
17.06.2021 19:55:34	Normal	WIFI.Gateway.Controller.VeranstaltungSqlClientController hat den ConnectionString für die Datenbank berechnet und gecached.
17.06.2021 20:07:39	Normal	Protokolleinträge werden unter "C:\Users\zenox\Documents\GitHub\Buchausstellung\Ausstellung\WIFI.Gateway\app_data\WIFI.Gateway.log" hinterlegt.
17.06.2021 20:07:39	NeueInstanz	WIFI.Gateway.Controller.VeranstaltungSqlClientController wurde produziert
17.06.2021 20:07:39	Normal	WIFI.Gateway.Controller.VeranstaltungSqlClientController behandelt FehlerAufgetreten...
17.06.2021 20:07:39	Normal	WIFI.Gateway.Controller.VeranstaltungSqlClientController hat den ConnectionString für die Datenbank berechnet und gecached.
17.06.2021 20:09:30	Normal	Protokolleinträge werden unter "C:\Users\zenox\Documents\GitHub\Buchausstellung\Ausstellung\WIFI.Gateway\app_data\WIFI.Gateway.log" hinterlegt.
17.06.2021 20:09:30	NeueInstanz	WIFI.Gateway.Controller.VeranstaltungSqlClientController wurde produziert
17.06.2021 20:09:30	Normal	WIFI.Gateway.Controller.VeranstaltungSqlClientController behandelt FehlerAufgetreten...
17.06.2021 20:09:30	Normal	WIFI.Gateway.Controller.VeranstaltungSqlClientController hat den ConnectionString für die Datenbank berechnet und gecached.
17.06.2021 20:11:36	Normal	Protokolleinträge werden unter "C:\Users\zenox\Documents\GitHub\Buchausstellung\Ausstellung\WIFI.Gateway\app_data\WIFI.Gateway.log" hinterlegt.
17.06.2021 20:11:37	NeueInstanz	WIFI.Gateway.Controller.VeranstaltungSqlClientController wurde produziert
17.06.2021 20:11:37	Normal	WIFI.Gateway.Controller.VeranstaltungSqlClientController behandelt FehlerAufgetreten...
17.06.2021 20:11:37	Normal	WIFI.Gateway.Controller.VeranstaltungSqlClientController hat den ConnectionString für die Datenbank berechnet und gecached.
17.06.2021 20:18:01	Normal	Protokolleinträge werden unter "C:\Users\zenox\Documents\GitHub\Buchausstellung\Ausstellung\WIFI.Gateway\app_data\WIFI.Gateway.log" hinterlegt.
17.06.2021 20:18:02	NeueInstanz	WIFI.Gateway.Controller.VeranstaltungSqlClientController wurde produziert
17.06.2021 20:18:02	Normal	WIFI.Gateway.Controller.VeranstaltungSqlClientController behandelt FehlerAufgetreten...
17.06.2021 20:18:02	Normal	WIFI.Gateway.Controller.VeranstaltungSqlClientController hat den ConnectionString für die Datenbank berechnet und gecached.
17.06.2021 20:20:01	Normal	Protokolleinträge werden unter "C:\Users\zenox\Documents\GitHub\Buchausstellung\Ausstellung\WIFI.Gateway\app_data\WIFI.Gateway.log" hinterlegt.
17.06.2021 20:20:02	NeueInstanz	WIFI.Gateway.Controller.VeranstaltungSqlClientController wurde produziert
17.06.2021 20:20:02	Normal	WIFI.Gateway.Controller.VeranstaltungSqlClientController behandelt FehlerAufgetreten...
17.06.2021 20:20:02	Normal	WIFI.Gateway.Controller.VeranstaltungSqlClientController hat den ConnectionString für die Datenbank berechnet und gecached.
17.06.2021 20:24:28	Normal	Protokolleinträge werden unter "C:\Users\zenox\Documents\GitHub\Buchausstellung\Ausstellung\WIFI.Gateway\app_data\WIFI.Gateway.log" hinterlegt.
17.06.2021 20:24:28	NeueInstanz	WIFI.Gateway.Controller.VeranstaltungSqlClientController wurde produziert
17.06.2021 20:24:28	Normal	WIFI.Gateway.Controller.VeranstaltungSqlClientController behandelt FehlerAufgetreten...
17.06.2021 20:24:28	Normal	WIFI.Gateway.Controller.VeranstaltungSqlClientController hat den ConnectionString für die Datenbank berechnet und gecached.
17.06.2021 20:24:59	NeueInstanz	WIFI.Gateway.Controller.VeranstaltungSqlClientController wurde produziert
17.06.2021 20:24:59	Normal	WIFI.Gateway.Controller.VeranstaltungSqlClientController behandelt FehlerAufgetreten...
17.06.2021 20:24:59	Normal	Im WIFI.Gateway.Controller.VeranstaltungSqlClientController in der Funktion Void ErstelleVeranstaltung() ist ein Fehler aufgetreten  System.Data.SqlClient.SqlException = Could not find stored procedure 'VeranstaltungsStadium'.      bei System.Data.SqlClient.SqlConnection.OnError(SqlException exception, Boolean breakConnection, Action`1 wrapCloseInAction)     bei System.Data.SqlClient.SqlInternalConnection.OnError(SqlException exception, Boolean breakConnection, Action`1 wrapCloseInAction)     bei System.Data.SqlClient.TdsParser.ThrowExceptionAndWarning(TdsParserStateObject stateObj, Boolean callerHasConnectionLock, Boolean asyncClose)     bei System.Data.SqlClient.TdsParser.TryRun(RunBehavior runBehavior, SqlCommand cmdHandler, SqlDataReader dataStream, BulkCopySimpleResultSet bulkCopyHandler, TdsParserStateObject stateObj, Boolean& dataReady)     bei System.Data.SqlClient.SqlDataReader.TryConsumeMetaData()     bei System.Data.SqlClient.SqlDataReader.get_MetaData()     bei System.Data.SqlClient.SqlCommand.FinishExecuteReader(SqlDataReader ds, RunBehavior runBehavior, String resetOptionsString, Boolean isInternal, Boolean forDescribeParameterEncryption, Boolean shouldCacheForAlwaysEncrypted)     bei System.Data.SqlClient.SqlCommand.RunExecuteReaderTds(CommandBehavior cmdBehavior, RunBehavior runBehavior, Boolean returnStream, Boolean async, Int32 timeout, Task& task, Boolean asyncWrite, Boolean inRetry, SqlDataReader ds, Boolean describeParameterEncryptionRequest)     bei System.Data.SqlClient.SqlCommand.RunExecuteReader(CommandBehavior cmdBehavior, RunBehavior runBehavior, Boolean returnStream, String method, TaskCompletionSource`1 completion, Int32 timeout, Task& task, Boolean& usedCache, Boolean asyncWrite, Boolean inRetry)     bei System.Data.SqlClient.SqlCommand.RunExecuteReader(CommandBehavior cmdBehavior, RunBehavior runBehavior, Boolean returnStream, String method)     bei System.Data.SqlClient.SqlCommand.ExecuteReader(CommandBehavior behavior, String method)     bei System.Data.SqlClient.SqlCommand.ExecuteReader(CommandBehavior behavior)     bei WIFI.Gateway.Controller.VeranstaltungSqlClientController.VeranstaltungsStadium() in C:\Users\zenox\Documents\GitHub\Buchausstellung\Ausstellung\WIFI.Gateway.Controller\VeranstaltungSqlClientController.cs:Zeile 176.
17.06.2021 20:25:30	Normal	Protokolleinträge werden unter "C:\Users\zenox\Documents\GitHub\Buchausstellung\Ausstellung\WIFI.Gateway\app_data\WIFI.Gateway.log" hinterlegt.
17.06.2021 20:25:30	NeueInstanz	WIFI.Gateway.Controller.VeranstaltungSqlClientController wurde produziert
17.06.2021 20:25:30	Normal	WIFI.Gateway.Controller.VeranstaltungSqlClientController behandelt FehlerAufgetreten...
17.06.2021 20:25:30	Normal	WIFI.Gateway.Controller.VeranstaltungSqlClientController hat den ConnectionString für die Datenbank berechnet und gecached.
17.06.2021 20:25:30	Normal	Im WIFI.Gateway.Controller.VeranstaltungSqlClientController in der Funktion Void ErstelleVeranstaltung() ist ein Fehler aufgetreten  System.Data.SqlClient.SqlException = Could not find stored procedure 'VeranstaltungsStadium'.      bei System.Data.SqlClient.SqlConnection.OnError(SqlException exception, Boolean breakConnection, Action`1 wrapCloseInAction)     bei System.Data.SqlClient.SqlInternalConnection.OnError(SqlException exception, Boolean breakConnection, Action`1 wrapCloseInAction)     bei System.Data.SqlClient.TdsParser.ThrowExceptionAndWarning(TdsParserStateObject stateObj, Boolean callerHasConnectionLock, Boolean asyncClose)     bei System.Data.SqlClient.TdsParser.TryRun(RunBehavior runBehavior, SqlCommand cmdHandler, SqlDataReader dataStream, BulkCopySimpleResultSet bulkCopyHandler, TdsParserStateObject stateObj, Boolean& dataReady)     bei System.Data.SqlClient.SqlDataReader.TryConsumeMetaData()     bei System.Data.SqlClient.SqlDataReader.get_MetaData()     bei System.Data.SqlClient.SqlCommand.FinishExecuteReader(SqlDataReader ds, RunBehavior runBehavior, String resetOptionsString, Boolean isInternal, Boolean forDescribeParameterEncryption, Boolean shouldCacheForAlwaysEncrypted)     bei System.Data.SqlClient.SqlCommand.RunExecuteReaderTds(CommandBehavior cmdBehavior, RunBehavior runBehavior, Boolean returnStream, Boolean async, Int32 timeout, Task& task, Boolean asyncWrite, Boolean inRetry, SqlDataReader ds, Boolean describeParameterEncryptionRequest)     bei System.Data.SqlClient.SqlCommand.RunExecuteReader(CommandBehavior cmdBehavior, RunBehavior runBehavior, Boolean returnStream, String method, TaskCompletionSource`1 completion, Int32 timeout, Task& task, Boolean& usedCache, Boolean asyncWrite, Boolean inRetry)     bei System.Data.SqlClient.SqlCommand.RunExecuteReader(CommandBehavior cmdBehavior, RunBehavior runBehavior, Boolean returnStream, String method)     bei System.Data.SqlClient.SqlCommand.ExecuteReader(CommandBehavior behavior, String method)     bei System.Data.SqlClient.SqlCommand.ExecuteReader(CommandBehavior behavior)     bei WIFI.Gateway.Controller.VeranstaltungSqlClientController.VeranstaltungsStadium() in C:\Users\zenox\Documents\GitHub\Buchausstellung\Ausstellung\WIFI.Gateway.Controller\VeranstaltungSqlClientController.cs:Zeile 176.
17.06.2021 20:26:45	Normal	Protokolleinträge werden unter "C:\Users\zenox\Documents\GitHub\Buchausstellung\Ausstellung\WIFI.Gateway\app_data\WIFI.Gateway.log" hinterlegt.
17.06.2021 20:26:45	NeueInstanz	WIFI.Gateway.Controller.VeranstaltungSqlClientController wurde produziert
17.06.2021 20:26:45	Normal	WIFI.Gateway.Controller.VeranstaltungSqlClientController behandelt FehlerAufgetreten...
17.06.2021 20:26:45	Normal	WIFI.Gateway.Controller.VeranstaltungSqlClientController hat den ConnectionString für die Datenbank berechnet und gecached.
17.06.2021 20:27:10	NeueInstanz	WIFI.Gateway.Controller.VeranstaltungSqlClientController wurde produziert
17.06.2021 20:27:10	Normal	WIFI.Gateway.Controller.VeranstaltungSqlClientController behandelt FehlerAufgetreten...
17.06.2021 20:27:10	Normal	Im WIFI.Gateway.Controller.VeranstaltungSqlClientController in der Funktion Void ErstelleVeranstaltung() ist ein Fehler aufgetreten  System.Data.SqlClient.SqlException = Could not find stored procedure 'VeranstaltungsStadium'.      bei System.Data.SqlClient.SqlConnection.OnError(SqlException exception, Boolean breakConnection, Action`1 wrapCloseInAction)     bei System.Data.SqlClient.SqlInternalConnection.OnError(SqlException exception, Boolean breakConnection, Action`1 wrapCloseInAction)     bei System.Data.SqlClient.TdsParser.ThrowExceptionAndWarning(TdsParserStateObject stateObj, Boolean callerHasConnectionLock, Boolean asyncClose)     bei System.Data.SqlClient.TdsParser.TryRun(RunBehavior runBehavior, SqlCommand cmdHandler, SqlDataReader dataStream, BulkCopySimpleResultSet bulkCopyHandler, TdsParserStateObject stateObj, Boolean& dataReady)     bei System.Data.SqlClient.SqlDataReader.TryConsumeMetaData()     bei System.Data.SqlClient.SqlDataReader.get_MetaData()     bei System.Data.SqlClient.SqlCommand.FinishExecuteReader(SqlDataReader ds, RunBehavior runBehavior, String resetOptionsString, Boolean isInternal, Boolean forDescribeParameterEncryption, Boolean shouldCacheForAlwaysEncrypted)     bei System.Data.SqlClient.SqlCommand.RunExecuteReaderTds(CommandBehavior cmdBehavior, RunBehavior runBehavior, Boolean returnStream, Boolean async, Int32 timeout, Task& task, Boolean asyncWrite, Boolean inRetry, SqlDataReader ds, Boolean describeParameterEncryptionRequest)     bei System.Data.SqlClient.SqlCommand.RunExecuteReader(CommandBehavior cmdBehavior, RunBehavior runBehavior, Boolean returnStream, String method, TaskCompletionSource`1 completion, Int32 timeout, Task& task, Boolean& usedCache, Boolean asyncWrite, Boolean inRetry)     bei System.Data.SqlClient.SqlCommand.RunExecuteReader(CommandBehavior cmdBehavior, RunBehavior runBehavior, Boolean returnStream, String method)     bei System.Data.SqlClient.SqlCommand.ExecuteReader(CommandBehavior behavior, String method)     bei System.Data.SqlClient.SqlCommand.ExecuteReader(CommandBehavior behavior)     bei WIFI.Gateway.Controller.VeranstaltungSqlClientController.VeranstaltungsStadium() in C:\Users\zenox\Documents\GitHub\Buchausstellung\Ausstellung\WIFI.Gateway.Controller\VeranstaltungSqlClientController.cs:Zeile 176.
17.06.2021 20:27:42	Normal	Protokolleinträge werden unter "C:\Users\zenox\Documents\GitHub\Buchausstellung\Ausstellung\WIFI.Gateway\app_data\WIFI.Gateway.log" hinterlegt.
17.06.2021 20:27:42	NeueInstanz	WIFI.Gateway.Controller.VeranstaltungSqlClientController wurde produziert
17.06.2021 20:27:42	Normal	WIFI.Gateway.Controller.VeranstaltungSqlClientController behandelt FehlerAufgetreten...
17.06.2021 20:27:42	Normal	WIFI.Gateway.Controller.VeranstaltungSqlClientController hat den ConnectionString für die Datenbank berechnet und gecached.
17.06.2021 20:27:42	Normal	Im WIFI.Gateway.Controller.VeranstaltungSqlClientController in der Funktion Void ErstelleVeranstaltung() ist ein Fehler aufgetreten  System.Data.SqlClient.SqlException = Could not find stored procedure 'VeranstaltungsStadium'.      bei System.Data.SqlClient.SqlConnection.OnError(SqlException exception, Boolean breakConnection, Action`1 wrapCloseInAction)     bei System.Data.SqlClient.SqlInternalConnection.OnError(SqlException exception, Boolean breakConnection, Action`1 wrapCloseInAction)     bei System.Data.SqlClient.TdsParser.ThrowExceptionAndWarning(TdsParserStateObject stateObj, Boolean callerHasConnectionLock, Boolean asyncClose)     bei System.Data.SqlClient.TdsParser.TryRun(RunBehavior runBehavior, SqlCommand cmdHandler, SqlDataReader dataStream, BulkCopySimpleResultSet bulkCopyHandler, TdsParserStateObject stateObj, Boolean& dataReady)     bei System.Data.SqlClient.SqlDataReader.TryConsumeMetaData()     bei System.Data.SqlClient.SqlDataReader.get_MetaData()     bei System.Data.SqlClient.SqlCommand.FinishExecuteReader(SqlDataReader ds, RunBehavior runBehavior, String resetOptionsString, Boolean isInternal, Boolean forDescribeParameterEncryption, Boolean shouldCacheForAlwaysEncrypted)     bei System.Data.SqlClient.SqlCommand.RunExecuteReaderTds(CommandBehavior cmdBehavior, RunBehavior runBehavior, Boolean returnStream, Boolean async, Int32 timeout, Task& task, Boolean asyncWrite, Boolean inRetry, SqlDataReader ds, Boolean describeParameterEncryptionRequest)     bei System.Data.SqlClient.SqlCommand.RunExecuteReader(CommandBehavior cmdBehavior, RunBehavior runBehavior, Boolean returnStream, String method, TaskCompletionSource`1 completion, Int32 timeout, Task& task, Boolean& usedCache, Boolean asyncWrite, Boolean inRetry)     bei System.Data.SqlClient.SqlCommand.RunExecuteReader(CommandBehavior cmdBehavior, RunBehavior runBehavior, Boolean returnStream, String method)     bei System.Data.SqlClient.SqlCommand.ExecuteReader(CommandBehavior behavior, String method)     bei System.Data.SqlClient.SqlCommand.ExecuteReader(CommandBehavior behavior)     bei WIFI.Gateway.Controller.VeranstaltungSqlClientController.VeranstaltungsStadium() in C:\Users\zenox\Documents\GitHub\Buchausstellung\Ausstellung\WIFI.Gateway.Controller\VeranstaltungSqlClientController.cs:Zeile 176.
17.06.2021 20:28:21	Normal	Protokolleinträge werden unter "C:\Users\zenox\Documents\GitHub\Buchausstellung\Ausstellung\WIFI.Gateway\app_data\WIFI.Gateway.log" hinterlegt.
17.06.2021 20:28:22	NeueInstanz	WIFI.Gateway.Controller.VeranstaltungSqlClientController wurde produziert
17.06.2021 20:28:22	Normal	WIFI.Gateway.Controller.VeranstaltungSqlClientController behandelt FehlerAufgetreten...
17.06.2021 20:28:22	Normal	WIFI.Gateway.Controller.VeranstaltungSqlClientController hat den ConnectionString für die Datenbank berechnet und gecached.
17.06.2021 20:28:46	NeueInstanz	WIFI.Gateway.Controller.VeranstaltungSqlClientController wurde produziert
17.06.2021 20:28:46	Normal	WIFI.Gateway.Controller.VeranstaltungSqlClientController behandelt FehlerAufgetreten...
17.06.2021 20:28:46	Normal	Im WIFI.Gateway.Controller.VeranstaltungSqlClientController in der Funktion Void ErstelleVeranstaltung() ist ein Fehler aufgetreten  System.Data.SqlClient.SqlException = Could not find stored procedure 'VeranstaltungsStadium'.      bei System.Data.SqlClient.SqlConnection.OnError(SqlException exception, Boolean breakConnection, Action`1 wrapCloseInAction)     bei System.Data.SqlClient.SqlInternalConnection.OnError(SqlException exception, Boolean breakConnection, Action`1 wrapCloseInAction)     bei System.Data.SqlClient.TdsParser.ThrowExceptionAndWarning(TdsParserStateObject stateObj, Boolean callerHasConnectionLock, Boolean asyncClose)     bei System.Data.SqlClient.TdsParser.TryRun(RunBehavior runBehavior, SqlCommand cmdHandler, SqlDataReader dataStream, BulkCopySimpleResultSet bulkCopyHandler, TdsParserStateObject stateObj, Boolean& dataReady)     bei System.Data.SqlClient.SqlDataReader.TryConsumeMetaData()     bei System.Data.SqlClient.SqlDataReader.get_MetaData()     bei System.Data.SqlClient.SqlCommand.FinishExecuteReader(SqlDataReader ds, RunBehavior runBehavior, String resetOptionsString, Boolean isInternal, Boolean forDescribeParameterEncryption, Boolean shouldCacheForAlwaysEncrypted)     bei System.Data.SqlClient.SqlCommand.RunExecuteReaderTds(CommandBehavior cmdBehavior, RunBehavior runBehavior, Boolean returnStream, Boolean async, Int32 timeout, Task& task, Boolean asyncWrite, Boolean inRetry, SqlDataReader ds, Boolean describeParameterEncryptionRequest)     bei System.Data.SqlClient.SqlCommand.RunExecuteReader(CommandBehavior cmdBehavior, RunBehavior runBehavior, Boolean returnStream, String method, TaskCompletionSource`1 completion, Int32 timeout, Task& task, Boolean& usedCache, Boolean asyncWrite, Boolean inRetry)     bei System.Data.SqlClient.SqlCommand.RunExecuteReader(CommandBehavior cmdBehavior, RunBehavior runBehavior, Boolean returnStream, String method)     bei System.Data.SqlClient.SqlCommand.ExecuteReader(CommandBehavior behavior, String method)     bei System.Data.SqlClient.SqlCommand.ExecuteReader(CommandBehavior behavior)     bei WIFI.Gateway.Controller.VeranstaltungSqlClientController.VeranstaltungsStadium() in C:\Users\zenox\Documents\GitHub\Buchausstellung\Ausstellung\WIFI.Gateway.Controller\VeranstaltungSqlClientController.cs:Zeile 176.
17.06.2021 20:29:39	Normal	Protokolleinträge werden unter "C:\Users\zenox\Documents\GitHub\Buchausstellung\Ausstellung\WIFI.Gateway\app_data\WIFI.Gateway.log" hinterlegt.
17.06.2021 20:29:40	NeueInstanz	WIFI.Gateway.Controller.VeranstaltungSqlClientController wurde produziert
17.06.2021 20:29:40	Normal	WIFI.Gateway.Controller.VeranstaltungSqlClientController behandelt FehlerAufgetreten...
17.06.2021 20:29:40	Normal	WIFI.Gateway.Controller.VeranstaltungSqlClientController hat den ConnectionString für die Datenbank berechnet und gecached.
17.06.2021 20:29:40	NeueInstanz	WIFI.Gateway.Controller.VeranstaltungSqlClientController wurde produziert
17.06.2021 20:29:40	Normal	WIFI.Gateway.Controller.VeranstaltungSqlClientController behandelt FehlerAufgetreten...
17.06.2021 20:29:40	Normal	Im WIFI.Gateway.Controller.VeranstaltungSqlClientController in der Funktion Void ErstelleVeranstaltung() ist ein Fehler aufgetreten  System.Data.SqlClient.SqlException = Could not find stored procedure 'VeranstaltungsStadium'.      bei System.Data.SqlClient.SqlConnection.OnError(SqlException exception, Boolean breakConnection, Action`1 wrapCloseInAction)     bei System.Data.SqlClient.SqlInternalConnection.OnError(SqlException exception, Boolean breakConnection, Action`1 wrapCloseInAction)     bei System.Data.SqlClient.TdsParser.ThrowExceptionAndWarning(TdsParserStateObject stateObj, Boolean callerHasConnectionLock, Boolean asyncClose)     bei System.Data.SqlClient.TdsParser.TryRun(RunBehavior runBehavior, SqlCommand cmdHandler, SqlDataReader dataStream, BulkCopySimpleResultSet bulkCopyHandler, TdsParserStateObject stateObj, Boolean& dataReady)     bei System.Data.SqlClient.SqlDataReader.TryConsumeMetaData()     bei System.Data.SqlClient.SqlDataReader.get_MetaData()     bei System.Data.SqlClient.SqlCommand.FinishExecuteReader(SqlDataReader ds, RunBehavior runBehavior, String resetOptionsString, Boolean isInternal, Boolean forDescribeParameterEncryption, Boolean shouldCacheForAlwaysEncrypted)     bei System.Data.SqlClient.SqlCommand.RunExecuteReaderTds(CommandBehavior cmdBehavior, RunBehavior runBehavior, Boolean returnStream, Boolean async, Int32 timeout, Task& task, Boolean asyncWrite, Boolean inRetry, SqlDataReader ds, Boolean describeParameterEncryptionRequest)     bei System.Data.SqlClient.SqlCommand.RunExecuteReader(CommandBehavior cmdBehavior, RunBehavior runBehavior, Boolean returnStream, String method, TaskCompletionSource`1 completion, Int32 timeout, Task& task, Boolean& usedCache, Boolean asyncWrite, Boolean inRetry)     bei System.Data.SqlClient.SqlCommand.RunExecuteReader(CommandBehavior cmdBehavior, RunBehavior runBehavior, Boolean returnStream, String method)     bei System.Data.SqlClient.SqlCommand.ExecuteReader(CommandBehavior behavior, String method)     bei System.Data.SqlClient.SqlCommand.ExecuteReader(CommandBehavior behavior)     bei WIFI.Gateway.Controller.VeranstaltungSqlClientController.VeranstaltungsStadium() in C:\Users\zenox\Documents\GitHub\Buchausstellung\Ausstellung\WIFI.Gateway.Controller\VeranstaltungSqlClientController.cs:Zeile 176.
17.06.2021 20:29:44	NeueInstanz	WIFI.Gateway.Controller.VeranstaltungSqlClientController wurde produziert
17.06.2021 20:29:44	Normal	WIFI.Gateway.Controller.VeranstaltungSqlClientController behandelt FehlerAufgetreten...
17.06.2021 20:30:41	Normal	Protokolleinträge werden unter "C:\Users\zenox\Documents\GitHub\Buchausstellung\Ausstellung\WIFI.Gateway\app_data\WIFI.Gateway.log" hinterlegt.
17.06.2021 20:30:42	NeueInstanz	WIFI.Gateway.Controller.VeranstaltungSqlClientController wurde produziert
17.06.2021 20:30:42	NeueInstanz	WIFI.Gateway.Controller.VeranstaltungSqlClientController wurde produziert
17.06.2021 20:30:42	Normal	WIFI.Gateway.Controller.VeranstaltungSqlClientController behandelt FehlerAufgetreten...
17.06.2021 20:30:42	Normal	WIFI.Gateway.Controller.VeranstaltungSqlClientController behandelt FehlerAufgetreten...
17.06.2021 20:30:48	Normal	WIFI.Gateway.Controller.VeranstaltungSqlClientController hat den ConnectionString für die Datenbank berechnet und gecached.
17.06.2021 20:30:49	NeueInstanz	WIFI.Gateway.Controller.VeranstaltungSqlClientController wurde produziert
17.06.2021 20:30:49	Normal	WIFI.Gateway.Controller.VeranstaltungSqlClientController behandelt FehlerAufgetreten...
17.06.2021 20:30:57	NeueInstanz	WIFI.Gateway.Controller.VeranstaltungSqlClientController wurde produziert
17.06.2021 20:30:57	Normal	WIFI.Gateway.Controller.VeranstaltungSqlClientController behandelt FehlerAufgetreten...
17.06.2021 20:30:58	NeueInstanz	WIFI.Gateway.Controller.VeranstaltungSqlClientController wurde produziert
17.06.2021 20:31:00	Normal	WIFI.Gateway.Controller.VeranstaltungSqlClientController behandelt FehlerAufgetreten...
17.06.2021 20:31:02	NeueInstanz	WIFI.Gateway.Controller.VeranstaltungSqlClientController wurde produziert
17.06.2021 20:31:02	Normal	WIFI.Gateway.Controller.VeranstaltungSqlClientController behandelt FehlerAufgetreten...
17.06.2021 20:31:04	NeueInstanz	WIFI.Gateway.Controller.VeranstaltungSqlClientController wurde produziert
17.06.2021 20:31:04	Normal	WIFI.Gateway.Controller.VeranstaltungSqlClientController behandelt FehlerAufgetreten...
17.06.2021 20:31:07	NeueInstanz	WIFI.Gateway.Controller.VeranstaltungSqlClientController wurde produziert
17.06.2021 20:31:07	Normal	WIFI.Gateway.Controller.VeranstaltungSqlClientController behandelt FehlerAufgetreten...
17.06.2021 20:31:54	Normal	Protokolleinträge werden unter "C:\Users\zenox\Documents\GitHub\Buchausstellung\Ausstellung\WIFI.Gateway\app_data\WIFI.Gateway.log" hinterlegt.
17.06.2021 20:31:54	NeueInstanz	WIFI.Gateway.Controller.VeranstaltungSqlClientController wurde produziert
17.06.2021 20:31:54	Normal	WIFI.Gateway.Controller.VeranstaltungSqlClientController behandelt FehlerAufgetreten...
17.06.2021 20:31:54	Normal	WIFI.Gateway.Controller.VeranstaltungSqlClientController hat den ConnectionString für die Datenbank berechnet und gecached.
17.06.2021 20:31:54	NeueInstanz	WIFI.Gateway.Controller.VeranstaltungSqlClientController wurde produziert
17.06.2021 20:31:55	Normal	WIFI.Gateway.Controller.VeranstaltungSqlClientController behandelt FehlerAufgetreten...
17.06.2021 20:31:58	NeueInstanz	WIFI.Gateway.Controller.VeranstaltungSqlClientController wurde produziert
17.06.2021 20:31:58	Normal	WIFI.Gateway.Controller.VeranstaltungSqlClientController behandelt FehlerAufgetreten...
17.06.2021 20:32:04	NeueInstanz	WIFI.Gateway.Controller.VeranstaltungSqlClientController wurde produziert
17.06.2021 20:32:04	Normal	WIFI.Gateway.Controller.VeranstaltungSqlClientController behandelt FehlerAufgetreten...
17.06.2021 20:32:06	NeueInstanz	WIFI.Gateway.Controller.VeranstaltungSqlClientController wurde produziert
17.06.2021 20:32:06	Normal	WIFI.Gateway.Controller.VeranstaltungSqlClientController behandelt FehlerAufgetreten...
17.06.2021 20:32:09	NeueInstanz	WIFI.Gateway.Controller.VeranstaltungSqlClientController wurde produziert
17.06.2021 20:32:09	Normal	WIFI.Gateway.Controller.VeranstaltungSqlClientController behandelt FehlerAufgetreten...
17.06.2021 20:32:12	NeueInstanz	WIFI.Gateway.Controller.VeranstaltungSqlClientController wurde produziert
17.06.2021 20:32:12	Normal	WIFI.Gateway.Controller.VeranstaltungSqlClientController behandelt FehlerAufgetreten...
17.06.2021 20:32:15	NeueInstanz	WIFI.Gateway.Controller.VeranstaltungSqlClientController wurde produziert
17.06.2021 20:32:15	Normal	WIFI.Gateway.Controller.VeranstaltungSqlClientController behandelt FehlerAufgetreten...
17.06.2021 20:32:19	NeueInstanz	WIFI.Gateway.Controller.VeranstaltungSqlClientController wurde produziert
17.06.2021 20:32:19	Normal	WIFI.Gateway.Controller.VeranstaltungSqlClientController behandelt FehlerAufgetreten...
17.06.2021 20:32:22	NeueInstanz	WIFI.Gateway.Controller.VeranstaltungSqlClientController wurde produziert
17.06.2021 20:32:22	Normal	WIFI.Gateway.Controller.VeranstaltungSqlClientController behandelt FehlerAufgetreten...
17.06.2021 20:32:25	NeueInstanz	WIFI.Gateway.Controller.VeranstaltungSqlClientController wurde produziert
17.06.2021 20:32:25	Normal	WIFI.Gateway.Controller.VeranstaltungSqlClientController behandelt FehlerAufgetreten...
17.06.2021 20:32:28	NeueInstanz	WIFI.Gateway.Controller.VeranstaltungSqlClientController wurde produziert
17.06.2021 20:32:28	Normal	WIFI.Gateway.Controller.VeranstaltungSqlClientController behandelt FehlerAufgetreten...
17.06.2021 20:32:31	NeueInstanz	WIFI.Gateway.Controller.VeranstaltungSqlClientController wurde produziert
17.06.2021 20:32:31	Normal	WIFI.Gateway.Controller.VeranstaltungSqlClientController behandelt FehlerAufgetreten...
17.06.2021 20:32:34	NeueInstanz	WIFI.Gateway.Controller.VeranstaltungSqlClientController wurde produziert
17.06.2021 20:32:34	Normal	WIFI.Gateway.Controller.VeranstaltungSqlClientController behandelt FehlerAufgetreten...
17.06.2021 20:32:37	NeueInstanz	WIFI.Gateway.Controller.VeranstaltungSqlClientController wurde produziert
17.06.2021 20:32:37	Normal	WIFI.Gateway.Controller.VeranstaltungSqlClientController behandelt FehlerAufgetreten...
17.06.2021 20:33:32	Normal	Protokolleinträge werden unter "C:\Users\zenox\Documents\GitHub\Buchausstellung\Ausstellung\WIFI.Gateway\app_data\WIFI.Gateway.log" hinterlegt.
17.06.2021 20:33:33	NeueInstanz	WIFI.Gateway.Controller.VeranstaltungSqlClientController wurde produziert
17.06.2021 20:33:33	NeueInstanz	WIFI.Gateway.Controller.VeranstaltungSqlClientController wurde produziert
17.06.2021 20:33:33	Normal	WIFI.Gateway.Controller.VeranstaltungSqlClientController behandelt FehlerAufgetreten...
17.06.2021 20:33:33	Normal	WIFI.Gateway.Controller.VeranstaltungSqlClientController hat den ConnectionString für die Datenbank berechnet und gecached.
17.06.2021 20:33:33	Normal	WIFI.Gateway.Controller.VeranstaltungSqlClientController behandelt FehlerAufgetreten...
17.06.2021 20:33:34	NeueInstanz	WIFI.Gateway.Controller.VeranstaltungSqlClientController wurde produziert
17.06.2021 20:33:34	Normal	WIFI.Gateway.Controller.VeranstaltungSqlClientController behandelt FehlerAufgetreten...
17.06.2021 20:33:37	NeueInstanz	WIFI.Gateway.Controller.VeranstaltungSqlClientController wurde produziert
17.06.2021 20:33:37	Normal	WIFI.Gateway.Controller.VeranstaltungSqlClientController behandelt FehlerAufgetreten...
17.06.2021 20:33:40	NeueInstanz	WIFI.Gateway.Controller.VeranstaltungSqlClientController wurde produziert
17.06.2021 20:33:40	Normal	WIFI.Gateway.Controller.VeranstaltungSqlClientController behandelt FehlerAufgetreten...
17.06.2021 20:33:43	NeueInstanz	WIFI.Gateway.Controller.VeranstaltungSqlClientController wurde produziert
17.06.2021 20:33:43	Normal	WIFI.Gateway.Controller.VeranstaltungSqlClientController behandelt FehlerAufgetreten...
17.06.2021 20:33:46	NeueInstanz	WIFI.Gateway.Controller.VeranstaltungSqlClientController wurde produziert
17.06.2021 20:33:46	Normal	WIFI.Gateway.Controller.VeranstaltungSqlClientController behandelt FehlerAufgetreten...
17.06.2021 20:33:49	NeueInstanz	WIFI.Gateway.Controller.VeranstaltungSqlClientController wurde produziert
17.06.2021 20:33:49	Normal	WIFI.Gateway.Controller.VeranstaltungSqlClientController behandelt FehlerAufgetreten...
17.06.2021 20:33:52	NeueInstanz	WIFI.Gateway.Controller.VeranstaltungSqlClientController wurde produziert
17.06.2021 20:33:52	Normal	WIFI.Gateway.Controller.VeranstaltungSqlClientController behandelt FehlerAufgetreten...
17.06.2021 20:33:55	NeueInstanz	WIFI.Gateway.Controller.VeranstaltungSqlClientController wurde produziert
17.06.2021 20:33:55	Normal	WIFI.Gateway.Controller.VeranstaltungSqlClientController behandelt FehlerAufgetreten...
17.06.2021 20:33:58	NeueInstanz	WIFI.Gateway.Controller.VeranstaltungSqlClientController wurde produziert
17.06.2021 20:33:58	Normal	WIFI.Gateway.Controller.VeranstaltungSqlClientController behandelt FehlerAufgetreten...
17.06.2021 20:34:01	NeueInstanz	WIFI.Gateway.Controller.VeranstaltungSqlClientController wurde produziert
17.06.2021 20:34:01	Normal	WIFI.Gateway.Controller.VeranstaltungSqlClientController behandelt FehlerAufgetreten...
